<?xml version="1.0" encoding="UTF-8"?>
<!-- Generated by org.testng.reporters.JUnitReportReporter -->
<testsuite skipped="0" hostname="DESKTOP-LF7TTLH" name="com.testScripts.SearchTV" tests="2" failures="0" timestamp="2020-08-31T19:20:02 IST" time="53.077" errors="0">
  <testcase name="tv1" time="27.664" classname="com.testScripts.SearchTV"/>
  <testcase name="tv" time="25.413" classname="com.testScripts.SearchTV"/>
</testsuite> <!-- com.testScripts.SearchTV -->
